<?xml version="1.0" encoding="UTF-8"?>
<!-- Generated by org.testng.reporters.JUnitXMLReporter -->
<testsuite hostname="WPDev-Laptop-Shraboni" ignored="0" name="CandidateLoginTest" tests="2" failures="0" timestamp="2020-12-30T06:32:28 BDT" time="31.532" errors="0">
  <testcase name="checkLoginPageTitle" time="21.654" classname="Wp.EasyJobsProject.Test.CandidateLogin"/>
  <testcase name="logintest" time="9.251" classname="Wp.EasyJobsProject.Test.CandidateLogin"/>
</testsuite> <!-- CandidateLoginTest -->
