<?xml version="1.0" encoding="UTF-8"?>
<!-- Generated by org.testng.reporters.JUnitXMLReporter -->
<testsuite hostname="WPDev-Laptop-Shraboni" ignored="0" name="companySetting" tests="4" failures="0" timestamp="2021-01-06T21:16:06 BDT" time="35.943" errors="0">
  <testcase name="companySettings" time="9.073" classname="Wp.EasyJobsProject.Test.Settings"/>
  <testcase name="setting" time="3.702" classname="Wp.EasyJobsProject.Test.Settings"/>
  <testcase name="manageuser" time="18.666" classname="Wp.EasyJobsProject.Test.Settings"/>
  <testcase name="pipelinesetup" time="4.496" classname="Wp.EasyJobsProject.Test.Settings"/>
</testsuite> <!-- companySetting -->
