<?xml version="1.0" encoding="UTF-8"?>
<!-- Generated by org.testng.reporters.JUnitXMLReporter -->
<testsuite hostname="WPDev-Laptop-Shraboni" ignored="0" name="CreateCandidate Profile" tests="2" failures="1" timestamp="2020-11-01T10:47:47 BDT" time="3.062" errors="0">
  <testcase name="candidateprofilecreate" time="0.002" classname="Wp.EasyJobsProject.Test.CreateProfile">
    <failure type="java.lang.NullPointerException">
      <![CDATA[java.lang.NullPointerException
at Wp.EasyJobsProject.Test.CreateProfile.candidateprofilecreate(CreateProfile.java:41)
at java.util.ArrayList.forEach(Unknown Source)
... Removed 27 stack frames]]>
    </failure>
  </testcase> <!-- candidateprofilecreate -->
  <testcase name="createprofile" time="3.055" classname="Wp.EasyJobsProject.Test.CreateProfile"/>
</testsuite> <!-- CreateCandidate Profile -->
