<?xml version="1.0" encoding="UTF-8"?>
<!-- Generated by org.testng.reporters.JUnitXMLReporter -->
<testsuite hostname="WPDev-Laptop-Shraboni" ignored="0" name="EmployeeRegistrationTest" tests="2" failures="0" timestamp="2020-12-30T14:51:28 BDT" time="103.184" errors="0">
  <testcase name="checkLoginPageTitle" time="61.676" classname="Wp.EasyJobsProject.Test.EmpReg"/>
  <testcase name="test" time="41.456" classname="Wp.EasyJobsProject.Test.EmpReg"/>
</testsuite> <!-- EmployeeRegistrationTest -->
